<?xml version="1.0" encoding="UTF-8"?>
<testng-results ignored="0" total="0" passed="0" failed="0" skipped="0">
  <reporter-output>
  </reporter-output>
  <suite started-at="2023-12-22T21:22:58 IST" name="Suite" finished-at="2023-12-22T21:25:11 IST" duration-ms="132915">
    <groups>
    </groups>
    <test started-at="2023-12-22T21:22:58 IST" name="Schedule Test" finished-at="2023-12-22T21:25:11 IST" duration-ms="132915">
      <class name="RenameSchedule">
        <test-method is-config="true" signature="setup()[pri:0, instance:RenameSchedule@10e41621]" started-at="2023-12-22T21:24:09 IST" name="setup" finished-at="2023-12-22T21:25:11 IST" duration-ms="62150" status="PASS">
          <reporter-output>
          </reporter-output>
        </test-method> <!-- setup -->
      </class> <!-- RenameSchedule -->
      <class name="EditSchedule">
        <test-method is-config="true" signature="setup()[pri:0, instance:EditSchedule@17046283]" started-at="2023-12-22T21:22:58 IST" name="setup" finished-at="2023-12-22T21:24:09 IST" duration-ms="70723" status="PASS">
          <reporter-output>
          </reporter-output>
        </test-method> <!-- setup -->
      </class> <!-- EditSchedule -->
    </test> <!-- Schedule Test -->
  </suite> <!-- Suite -->
</testng-results>
